<?xml version="1.0" encoding="UTF-8"?>
<!-- Generated by org.testng.reporters.JUnitReportReporter -->
<testsuite skipped="0" hostname="LAPTOP-EFQ8TGH1" name="org.base.DataProviderAdact" tests="3" failures="0" timestamp="03 May 2022 13:13:59 GMT" time="43.855" errors="0">
  <testcase name="tc2" time="6.887" classname="org.base.DataProviderAdact"/>
  <testcase name="tc0" time="33.130" classname="org.base.DataProviderAdact"/>
  <testcase name="tc1" time="3.838" classname="org.base.DataProviderAdact"/>
</testsuite> <!-- org.base.DataProviderAdact -->
