<?xml version="1.0" encoding="UTF-8"?>
<!-- Generated by org.testng.reporters.JUnitReportReporter -->
<testsuite skipped="0" hostname="LAPTOP-EFQ8TGH1" name="org.tasks.DataProvideExcel" tests="7" failures="0" timestamp="02 Jun 2022 03:59:59 GMT" time="24.794" errors="0">
  <testcase name="aSavings" time="3.819" classname="org.tasks.DataProvideExcel"/>
  <testcase name="aSavings" time="3.061" classname="org.tasks.DataProvideExcel"/>
  <testcase name="aSavings" time="3.121" classname="org.tasks.DataProvideExcel"/>
  <testcase name="aSavings" time="4.384" classname="org.tasks.DataProvideExcel"/>
  <testcase name="aSavings" time="2.811" classname="org.tasks.DataProvideExcel"/>
  <testcase name="aSavings" time="2.533" classname="org.tasks.DataProvideExcel"/>
  <testcase name="aSavings" time="5.065" classname="org.tasks.DataProvideExcel"/>
</testsuite> <!-- org.tasks.DataProvideExcel -->
