<?xml version="1.0" encoding="UTF-8"?>
<!-- Generated by org.testng.reporters.JUnitReportReporter -->
<testsuite skipped="0" hostname="LAPTOP-EFQ8TGH1" name="com.Training.Training2" tests="1" failures="0" timestamp="25 Aug 2022 05:10:32 GMT" time="3.804" errors="0">
  <testcase name="samp" time="3.804" classname="com.Training.Training2"/>
</testsuite> <!-- com.Training.Training2 -->
