<?xml version="1.0" encoding="UTF-8"?>
<!-- Generated by org.testng.reporters.JUnitReportReporter -->
<testsuite skipped="0" hostname="LAPTOP-EFQ8TGH1" name="org.tasks.DataProviderSample" tests="2" failures="0" timestamp="02 Jun 2022 03:55:06 GMT" time="11.727" errors="0">
  <testcase name="savings" time="9.118" classname="org.tasks.DataProviderSample"/>
  <testcase name="savings" time="2.609" classname="org.tasks.DataProviderSample"/>
</testsuite> <!-- org.tasks.DataProviderSample -->
