<?xml version="1.0" encoding="UTF-8"?>
<!-- Generated by org.testng.reporters.JUnitReportReporter -->
<testsuite skipped="0" hostname="LAPTOP-EFQ8TGH1" name="org.tasks.ParellelSample2" tests="9" failures="0" timestamp="01 May 2022 03:14:41 GMT" time="44.580" errors="0">
  <testcase name="tc2" time="5.543" classname="org.tasks.ParellelSample2"/>
  <testcase name="tc0" time="4.234" classname="org.tasks.ParellelSample2"/>
  <testcase name="tc2" time="5.480" classname="org.tasks.ParellelSample2"/>
  <testcase name="tc1" time="4.816" classname="org.tasks.ParellelSample2"/>
  <testcase name="tc0" time="4.341" classname="org.tasks.ParellelSample2"/>
  <testcase name="tc2" time="6.271" classname="org.tasks.ParellelSample2"/>
  <testcase name="tc1" time="4.470" classname="org.tasks.ParellelSample2"/>
  <testcase name="tc0" time="4.245" classname="org.tasks.ParellelSample2"/>
  <testcase name="tc1" time="5.180" classname="org.tasks.ParellelSample2"/>
</testsuite> <!-- org.tasks.ParellelSample2 -->
