<?xml version="1.0" encoding="UTF-8"?>
<!-- Generated by org.testng.reporters.JUnitReportReporter -->
<testsuite skipped="0" hostname="LAPTOP-EFQ8TGH1" name="org.tests.TestngSample3" tests="4" failures="0" timestamp="22 Apr 2022 17:04:19 GMT" time="0.000" errors="0">
  <testcase name="deposit" time="0.000" classname="org.tests.TestngSample3"/>
  <testcase name="recurrent" time="0.000" classname="org.tests.TestngSample3"/>
  <testcase name="recurrent" time="0.000" classname="org.tests.TestngSample3"/>
  <testcase name="recurrent" time="0.000" classname="org.tests.TestngSample3"/>
</testsuite> <!-- org.tests.TestngSample3 -->
