<?xml version="1.0" encoding="UTF-8"?>
<!-- Generated by org.testng.reporters.JUnitReportReporter -->
<testsuite skipped="0" hostname="LAPTOP-EFQ8TGH1" name="org.tasks.AssertSample" tests="1" failures="0" timestamp="01 May 2022 02:20:21 GMT" time="0.183" errors="0">
  <testcase name="beforeClass" time="0.183" classname="org.tasks.AssertSample"/>
</testsuite> <!-- org.tasks.AssertSample -->
