<?xml version="1.0" encoding="UTF-8"?>
<!-- Generated by org.testng.reporters.JUnitReportReporter -->
<testsuite skipped="1" hostname="LAPTOP-EFQ8TGH1" name="org.tests.TestngSample" tests="6" failures="0" timestamp="22 Apr 2022 16:33:55 GMT" time="0.016" errors="0">
  <testcase name="savings" time="0.000" classname="org.tests.TestngSample"/>
  <testcase name="fixed" time="0.000" classname="org.tests.TestngSample"/>
  <testcase name="fixed" time="0.000" classname="org.tests.TestngSample"/>
  <testcase name="recurrent" time="0.016" classname="org.tests.TestngSample"/>
  <testcase name="recurrent" time="0.000" classname="org.tests.TestngSample"/>
  <testcase name="deposit" classname="org.tests.TestngSample">
    <skipped/>
  </testcase> <!-- deposit -->
</testsuite> <!-- org.tests.TestngSample -->
