<?xml version="1.0" encoding="UTF-8"?>
<!-- Generated by org.testng.reporters.JUnitReportReporter -->
<testsuite skipped="0" hostname="LAPTOP-EFQ8TGH1" name="org.tasks.ParellelSample" tests="9" failures="0" timestamp="01 May 2022 03:14:41 GMT" time="75.502" errors="0">
  <testcase name="tc1" time="7.380" classname="org.tasks.ParellelSample"/>
  <testcase name="tc2" time="8.464" classname="org.tasks.ParellelSample"/>
  <testcase name="tc0" time="3.551" classname="org.tasks.ParellelSample"/>
  <testcase name="tc1" time="5.251" classname="org.tasks.ParellelSample"/>
  <testcase name="tc1" time="8.605" classname="org.tasks.ParellelSample"/>
  <testcase name="tc0" time="4.426" classname="org.tasks.ParellelSample"/>
  <testcase name="tc0" time="4.906" classname="org.tasks.ParellelSample"/>
  <testcase name="tc2" time="6.907" classname="org.tasks.ParellelSample"/>
  <testcase name="tc2" time="26.012" classname="org.tasks.ParellelSample"/>
</testsuite> <!-- org.tasks.ParellelSample -->
