<?xml version="1.0" encoding="UTF-8"?>
<!-- Generated by org.testng.reporters.JUnitReportReporter -->
<testsuite skipped="0" hostname="LAPTOP-EFQ8TGH1" name="org.base.AdactTestNG" tests="1" failures="0" timestamp="02 May 2022 17:15:50 GMT" time="15.292" errors="0">
  <testcase name="finalOutput" time="15.292" classname="org.base.AdactTestNG"/>
</testsuite> <!-- org.base.AdactTestNG -->
